<?xml version="1.0" encoding="UTF-8"?>
<!-- Generated by org.testng.reporters.JUnitReportReporter -->
<testsuite hostname="LAPTOP-TFL4S42A" failures="0" tests="1" name="LogInTest" time="3.206" errors="0" timestamp="6 Dec 2021 20:38:23 GMT">
  <testcase classname="LogInTest" name="logIn" time="3.206"/>
</testsuite> <!-- LogInTest -->
