<?xml version="1.0" encoding="UTF-8"?>
<!-- Generated by org.testng.reporters.JUnitReportReporter -->
<testsuite hostname="LAPTOP-TFL4S42A" failures="0" tests="1" name="LogInTest" time="5.031" errors="0" timestamp="6 Dec 2021 19:22:31 GMT">
  <testcase classname="LogInTest" name="logIn" time="5.031"/>
</testsuite> <!-- LogInTest -->
